{"C:\\Users\\patrick\\x\\hotkey\\src\\index.js":{"path":"C:\\Users\\patrick\\x\\hotkey\\src\\index.js","s":{"1":1,"2":0,"3":0,"4":0,"5":0,"6":0,"7":0,"8":0,"9":0,"10":0,"11":0,"12":0,"13":0,"14":0,"15":0,"16":0,"17":0,"18":0,"19":0,"20":1},"b":{"1":[0,0],"2":[0,0],"3":[0,0],"4":[0,0],"5":[0,0],"6":[0,0],"7":[0,0,0]},"f":{"1":0,"2":0,"3":0,"4":0,"5":0},"fnMap":{"1":{"name":"(anonymous_1)","line":5,"loc":{"start":{"line":5,"column":6},"end":{"line":5,"column":21}}},"2":{"name":"(anonymous_2)","line":16,"loc":{"start":{"line":16,"column":12},"end":{"line":16,"column":14}}},"3":{"name":"(anonymous_3)","line":38,"loc":{"start":{"line":38,"column":20},"end":{"line":38,"column":29}}},"4":{"name":"(anonymous_4)","line":47,"loc":{"start":{"line":47,"column":12},"end":{"line":47,"column":17}}},"5":{"name":"(anonymous_5)","line":51,"loc":{"start":{"line":51,"column":13},"end":{"line":51,"column":28}}}},"statementMap":{"1":{"start":{"line":1,"column":0},"end":{"line":54,"column":1}},"2":{"start":{"line":7,"column":4},"end":{"line":7,"column":36}},"3":{"start":{"line":10,"column":4},"end":{"line":13,"column":5}},"4":{"start":{"line":11,"column":6},"end":{"line":11,"column":24}},"5":{"start":{"line":12,"column":6},"end":{"line":12,"column":30}},"6":{"start":{"line":17,"column":4},"end":{"line":28,"column":7}},"7":{"start":{"line":19,"column":8},"end":{"line":26,"column":9}},"8":{"start":{"line":20,"column":10},"end":{"line":20,"column":78}},"9":{"start":{"line":22,"column":10},"end":{"line":22,"column":31}},"10":{"start":{"line":24,"column":15},"end":{"line":26,"column":9}},"11":{"start":{"line":25,"column":10},"end":{"line":25,"column":56}},"12":{"start":{"line":29,"column":4},"end":{"line":35,"column":7}},"13":{"start":{"line":31,"column":8},"end":{"line":34,"column":9}},"14":{"start":{"line":33,"column":10},"end":{"line":33,"column":46}},"15":{"start":{"line":39,"column":4},"end":{"line":39,"column":25}},"16":{"start":{"line":41,"column":4},"end":{"line":44,"column":5}},"17":{"start":{"line":43,"column":6},"end":{"line":43,"column":30}},"18":{"start":{"line":48,"column":4},"end":{"line":48,"column":70}},"19":{"start":{"line":52,"column":4},"end":{"line":52,"column":33}},"20":{"start":{"line":57,"column":0},"end":{"line":57,"column":24}}},"branchMap":{"1":{"line":10,"type":"if","locations":[{"start":{"line":10,"column":4},"end":{"line":10,"column":4}},{"start":{"line":10,"column":4},"end":{"line":10,"column":4}}]},"2":{"line":19,"type":"if","locations":[{"start":{"line":19,"column":8},"end":{"line":19,"column":8}},{"start":{"line":19,"column":8},"end":{"line":19,"column":8}}]},"3":{"line":19,"type":"binary-expr","locations":[{"start":{"line":19,"column":11},"end":{"line":19,"column":33}},{"start":{"line":19,"column":37},"end":{"line":19,"column":60}}]},"4":{"line":24,"type":"if","locations":[{"start":{"line":24,"column":15},"end":{"line":24,"column":15}},{"start":{"line":24,"column":15},"end":{"line":24,"column":15}}]},"5":{"line":31,"type":"if","locations":[{"start":{"line":31,"column":8},"end":{"line":31,"column":8}},{"start":{"line":31,"column":8},"end":{"line":31,"column":8}}]},"6":{"line":41,"type":"if","locations":[{"start":{"line":41,"column":4},"end":{"line":41,"column":4}},{"start":{"line":41,"column":4},"end":{"line":41,"column":4}}]},"7":{"line":48,"type":"binary-expr","locations":[{"start":{"line":48,"column":12},"end":{"line":48,"column":27}},{"start":{"line":48,"column":31},"end":{"line":48,"column":48}},{"start":{"line":48,"column":52},"end":{"line":48,"column":69}}]}}}}